<?xml version="1.0" encoding="UTF-8"?>
<!-- Generated by org.testng.reporters.JUnitReportReporter -->
<testsuite hostname="Lakhan" failures="0" tests="1" name="Ddfangelstockbroker.Angellogintestclass" time="6.150" errors="0" timestamp="2022-11-06T21:29:18 IST" skipped="0">
  <testcase classname="Ddfangelstockbroker.Angellogintestclass" name="callMethod" time="6.150"/>
  <system-out>
    <![CDATA[Running Login to Angel Broker.....
Running Click on Old Vesion Angel Broker.....
L124879 logged in user match with L124879
Running Get user id Angel Broker.....]]>
  </system-out>
</testsuite> <!-- Ddfangelstockbroker.Angellogintestclass -->
