<?xml version="1.0" encoding="UTF-8"?>
<!-- Generated by org.testng.reporters.JUnitReportReporter -->
<testsuite hostname="Lakhan" failures="0" tests="3" name="Ddfangelstockbroker.ASBLoginTestClass2" time="2.444" errors="0" timestamp="2022-11-09T13:38:23 IST" skipped="0">
  <testcase classname="Ddfangelstockbroker.ASBLoginTestClass2" name="loginangel" time="0.369"/>
  <system-out/>
  <testcase classname="Ddfangelstockbroker.ASBLoginTestClass2" name="clickonoldvers" time="1.978"/>
  <system-out/>
  <testcase classname="Ddfangelstockbroker.ASBLoginTestClass2" name="getuseridverify" time="0.097"/>
  <system-out/>
</testsuite> <!-- Ddfangelstockbroker.ASBLoginTestClass2 -->
